<?xml version="1.0" encoding="UTF-8"?>
<!-- Generated by org.testng.reporters.JUnitXMLReporter -->
<testsuite hostname="LAPTOP-3RN7TLQT" ignored="0" name="Test" tests="3" failures="0" timestamp="2020-08-19T18:45:22 IST" time="0.097" errors="0">
  <testcase name="loans" time="0.007" classname="MyProject.Selenium.Day1"/>
  <testcase name="loanssignin" time="0.001" classname="MyProject.Selenium.Day1"/>
  <testcase name="loanssignup" time="0.001" classname="MyProject.Selenium.Day1"/>
</testsuite> <!-- Test -->
