<?xml version="1.0" encoding="UTF-8"?>
<testng-results skipped="0" failed="0" ignored="0" total="2" passed="2">
  <reporter-output>
  </reporter-output>
  <suite name="Suite" duration-ms="102" started-at="2020-08-19T18:00:36 IST" finished-at="2020-08-19T18:00:36 IST">
    <groups>
    </groups>
    <test name="Test" duration-ms="102" started-at="2020-08-19T18:00:36 IST" finished-at="2020-08-19T18:00:36 IST">
      <class name="MyProject.Selenium.Day1">
        <test-method status="PASS" signature="loanssignin()[pri:0, instance:MyProject.Selenium.Day1@79be0360]" name="loanssignin" duration-ms="15" started-at="2020-08-19T18:00:36 IST" finished-at="2020-08-19T18:00:36 IST">
          <reporter-output>
          </reporter-output>
        </test-method> <!-- loanssignin -->
        <test-method status="PASS" signature="loanssignup()[pri:0, instance:MyProject.Selenium.Day1@79be0360]" name="loanssignup" duration-ms="1" started-at="2020-08-19T18:00:36 IST" finished-at="2020-08-19T18:00:36 IST">
          <reporter-output>
          </reporter-output>
        </test-method> <!-- loanssignup -->
      </class> <!-- MyProject.Selenium.Day1 -->
    </test> <!-- Test -->
  </suite> <!-- Suite -->
</testng-results>
